Using pre-set license
Built from '2020.3/staging' branch; Version is '2020.3.16f1 (049d6eca3c44) revision 302446'; Using compiler version '192528614'; Build Type 'Release'
OS: 'Windows 10 Home Single Language; OS build 19042.1288; Version 2009; 64bit' Language: 'es' Physical Memory: 16211 MB
BatchMode: 1, IsHumanControllingUs: 0, StartBugReporterOnCrash: 0, Is64bit: 1, IsPro: 0

 COMMAND LINE ARGUMENTS:
C:\Program Files\Unity\Hub\Editor\2020.3.16f1\Editor\Unity.exe
-adb2
-batchMode
-noUpm
-name
AssetImportWorker0
-projectPath
C:/Users/user/Desktop/Git/Online
-logFile
Logs/AssetImportWorker0.log
-srvPort
53031
Successfully changed project path to: C:/Users/user/Desktop/Git/Online
C:/Users/user/Desktop/Git/Online
Using Asset Import Pipeline V2.
Refreshing native plugins compatible for Editor in 54.57 ms, found 2 plugins.
Preloading 0 native plugins for Editor in 0.00 ms.
Initialize engine version: 2020.3.16f1 (049d6eca3c44)
[Subsystems] Discovering subsystems at path C:/Program Files/Unity/Hub/Editor/2020.3.16f1/Editor/Data/Resources/UnitySubsystems
[Subsystems] Discovering subsystems at path C:/Users/user/Desktop/Git/Online/Assets
GfxDevice: creating device client; threaded=0
Direct3D:
    Version:  Direct3D 11.0 [level 11.0]
    Renderer: NVIDIA GeForce GTX 960M (ID=0x139b)
    Vendor:   
    VRAM:     4055 MB
    Driver:   30.0.14.9613
Initialize mono
Mono path[0] = 'C:/Program Files/Unity/Hub/Editor/2020.3.16f1/Editor/Data/Managed'
Mono path[1] = 'C:/Program Files/Unity/Hub/Editor/2020.3.16f1/Editor/Data/MonoBleedingEdge/lib/mono/unityjit'
Mono config path = 'C:/Program Files/Unity/Hub/Editor/2020.3.16f1/Editor/Data/MonoBleedingEdge/etc'
Using monoOptions --debugger-agent=transport=dt_socket,embedding=1,server=y,suspend=n,address=127.0.0.1:56068
Begin MonoManager ReloadAssembly
Registering precompiled unity dll's ...
Register platform support module: C:/Program Files/Unity/Hub/Editor/2020.3.16f1/Editor/Data/PlaybackEngines/MacStandaloneSupport/UnityEditor.OSXStandalone.Extensions.dll
Register platform support module: C:/Program Files/Unity/Hub/Editor/2020.3.16f1/Editor/Data/PlaybackEngines/WindowsStandaloneSupport/UnityEditor.WindowsStandalone.Extensions.dll
Registered in 0.003682 seconds.
Native extension for WindowsStandalone target not found
Native extension for OSXStandalone target not found
Refreshing native plugins compatible for Editor in 52.57 ms, found 2 plugins.
Preloading 0 native plugins for Editor in 0.00 ms.
Mono: successfully reloaded assembly
- Completed reload, in  3.046 seconds
Domain Reload Profiling:
	ReloadAssembly (3047ms)
		BeginReloadAssembly (90ms)
			ExecutionOrderSort (0ms)
			DisableScriptedObjects (0ms)
			BackupInstance (0ms)
			ReleaseScriptingObjects (0ms)
			CreateAndSetChildDomain (2ms)
		EndReloadAssembly (678ms)
			LoadAssemblies (86ms)
			RebuildTransferFunctionScriptingTraits (0ms)
			SetupTypeCache (262ms)
			ReleaseScriptCaches (0ms)
			RebuildScriptCaches (45ms)
			SetupLoadedEditorAssemblies (260ms)
				LogAssemblyErrors (0ms)
				InitializePlatformSupportModulesInManaged (7ms)
				SetLoadedEditorAssemblies (0ms)
				RefreshPlugins (53ms)
				BeforeProcessingInitializeOnLoad (26ms)
				ProcessInitializeOnLoadAttributes (132ms)
				ProcessInitializeOnLoadMethodAttributes (42ms)
				AfterProcessingInitializeOnLoad (0ms)
				EditorAssembliesLoaded (0ms)
			ExecutionOrderSort2 (0ms)
			AwakeInstancesAfterBackupRestoration (0ms)
Platform modules already initialized, skipping
Registering precompiled user dll's ...
Registered in 0.008646 seconds.
Begin MonoManager ReloadAssembly
Native extension for WindowsStandalone target not found
Native extension for OSXStandalone target not found
Refreshing native plugins compatible for Editor in 52.72 ms, found 2 plugins.
Preloading 0 native plugins for Editor in 0.00 ms.
Mono: successfully reloaded assembly
- Completed reload, in  2.320 seconds
Domain Reload Profiling:
	ReloadAssembly (2321ms)
		BeginReloadAssembly (207ms)
			ExecutionOrderSort (0ms)
			DisableScriptedObjects (7ms)
			BackupInstance (0ms)
			ReleaseScriptingObjects (0ms)
			CreateAndSetChildDomain (26ms)
		EndReloadAssembly (2012ms)
			LoadAssemblies (163ms)
			RebuildTransferFunctionScriptingTraits (0ms)
			SetupTypeCache (731ms)
			ReleaseScriptCaches (1ms)
			RebuildScriptCaches (76ms)
			SetupLoadedEditorAssemblies (812ms)
				LogAssemblyErrors (0ms)
				InitializePlatformSupportModulesInManaged (6ms)
				SetLoadedEditorAssemblies (0ms)
				RefreshPlugins (53ms)
				BeforeProcessingInitializeOnLoad (135ms)
				ProcessInitializeOnLoadAttributes (577ms)
				ProcessInitializeOnLoadMethodAttributes (28ms)
				AfterProcessingInitializeOnLoad (12ms)
				EditorAssembliesLoaded (0ms)
			ExecutionOrderSort2 (0ms)
			AwakeInstancesAfterBackupRestoration (12ms)
Platform modules already initialized, skipping
========================================================================
Worker process is ready to serve import requests
Launched and connected shader compiler UnityShaderCompiler.exe after 0.17 seconds
Refreshing native plugins compatible for Editor in 1.27 ms, found 2 plugins.
Preloading 0 native plugins for Editor in 0.00 ms.
Unloading 1940 Unused Serialized files (Serialized files now loaded: 0)
System memory in use before: 83.5 MB.
System memory in use after: 83.6 MB.

Unloading 25 unused Assets to reduce memory usage. Loaded Objects now: 2370.
Total: 6.137700 ms (FindLiveObjects: 0.230600 ms CreateObjectMapping: 0.109400 ms MarkObjects: 5.695800 ms  DeleteObjects: 0.099800 ms)

AssetImportParameters requested are different than current active one (requested -> active):
  custom:framework-win-MediaFoundation: 216162199b28c13a410421893ffa2e32 -> 
  custom:video-decoder-ogg-theora: a1e56fd34408186e4bbccfd4996cb3dc -> 
  custom:container-muxer-webm: aa71ff27fc2769a1b78a27578f13a17b -> 
  custom:container-demuxer-webm: 4f35f7cbe854078d1ac9338744f61a02 -> 
  custom:container-demuxer-ogg: 62fdf1f143b41e24485cea50d1cbac27 -> 
  custom:video-encoder-webm-vp8: eb34c28f22e8b96e1ab97ce403110664 -> 
  custom:video-decoder-webm-vp8: 9c59270c3fd7afecdb556c50c9e8de78 -> 
  custom:audio-decoder-ogg-vorbis: bf7c407c2cedff20999df2af8eb42d56 -> 
  custom:audio-encoder-webm-vorbis: bf7c407c2cedff20999df2af8eb42d56 -> 
========================================================================
Received Import Request.
  path: Assets/Scripts/Networking/MyNetworkManager.cs
  artifactKey: Guid(aa3522af2f49a274ab7c4256560e40dd) Importer(815301076,1909f56bfc062723c751e8b465ee728b)
Start importing Assets/Scripts/Networking/MyNetworkManager.cs using Guid(aa3522af2f49a274ab7c4256560e40dd) Importer(815301076,1909f56bfc062723c751e8b465ee728b)  -> (artifact id: '06b7dada9c097d802c18b492fc12aed8') in 0.084999 seconds 
  Import took 0.093093 seconds .

========================================================================
Received Import Request.
  Time since last request: 0.001623 seconds.
  path: Assets/Scripts/Player/Player.cs
  artifactKey: Guid(54d64fa4e93feb74e8fab8e35c5d9655) Importer(815301076,1909f56bfc062723c751e8b465ee728b)
Start importing Assets/Scripts/Player/Player.cs using Guid(54d64fa4e93feb74e8fab8e35c5d9655) Importer(815301076,1909f56bfc062723c751e8b465ee728b)  -> (artifact id: 'e27e025b0dbc841387d51c912c28ae69') in 0.009811 seconds 
  Import took 0.017598 seconds .

========================================================================
Received Import Request.
  Time since last request: 848.874277 seconds.
  path: Assets/Scripts/Player/Player.cs
  artifactKey: Guid(54d64fa4e93feb74e8fab8e35c5d9655) Importer(815301076,1909f56bfc062723c751e8b465ee728b)
Start importing Assets/Scripts/Player/Player.cs using Guid(54d64fa4e93feb74e8fab8e35c5d9655) Importer(815301076,1909f56bfc062723c751e8b465ee728b)  -> (artifact id: '48ca62a73ea8305654b2da7052eda315') in 0.007952 seconds 
  Import took 0.015570 seconds .

========================================================================
Received Import Request.
  Time since last request: 0.126466 seconds.
  path: Assets/Scripts/Player/Player.cs
  artifactKey: Guid(54d64fa4e93feb74e8fab8e35c5d9655) Importer(815301076,1909f56bfc062723c751e8b465ee728b)
Start importing Assets/Scripts/Player/Player.cs using Guid(54d64fa4e93feb74e8fab8e35c5d9655) Importer(815301076,1909f56bfc062723c751e8b465ee728b)  -> (artifact id: '48ca62a73ea8305654b2da7052eda315') in 0.022502 seconds 
  Import took 0.028632 seconds .

========================================================================
Received Prepare
Registering precompiled user dll's ...
Registered in 0.008131 seconds.
Begin MonoManager ReloadAssembly
Native extension for WindowsStandalone target not found
Native extension for OSXStandalone target not found
Refreshing native plugins compatible for Editor in 0.58 ms, found 2 plugins.
Preloading 0 native plugins for Editor in 0.00 ms.
Mono: successfully reloaded assembly
- Completed reload, in  1.549 seconds
Domain Reload Profiling:
	ReloadAssembly (1550ms)
		BeginReloadAssembly (176ms)
			ExecutionOrderSort (0ms)
			DisableScriptedObjects (6ms)
			BackupInstance (0ms)
			ReleaseScriptingObjects (0ms)
			CreateAndSetChildDomain (53ms)
		EndReloadAssembly (1282ms)
			LoadAssemblies (133ms)
			RebuildTransferFunctionScriptingTraits (0ms)
			SetupTypeCache (461ms)
			ReleaseScriptCaches (1ms)
			RebuildScriptCaches (47ms)
			SetupLoadedEditorAssemblies (508ms)
				LogAssemblyErrors (0ms)
				InitializePlatformSupportModulesInManaged (7ms)
				SetLoadedEditorAssemblies (0ms)
				RefreshPlugins (1ms)
				BeforeProcessingInitializeOnLoad (93ms)
				ProcessInitializeOnLoadAttributes (385ms)
				ProcessInitializeOnLoadMethodAttributes (14ms)
				AfterProcessingInitializeOnLoad (8ms)
				EditorAssembliesLoaded (0ms)
			ExecutionOrderSort2 (0ms)
			AwakeInstancesAfterBackupRestoration (8ms)
Platform modules already initialized, skipping
Refreshing native plugins compatible for Editor in 0.52 ms, found 2 plugins.
Preloading 0 native plugins for Editor in 0.00 ms.
Unloading 1934 Unused Serialized files (Serialized files now loaded: 0)
System memory in use before: 83.5 MB.
System memory in use after: 83.6 MB.

Unloading 18 unused Assets to reduce memory usage. Loaded Objects now: 2372.
Total: 4.087600 ms (FindLiveObjects: 0.204700 ms CreateObjectMapping: 0.072900 ms MarkObjects: 3.732500 ms  DeleteObjects: 0.076500 ms)

AssetImportParameters requested are different than current active one (requested -> active):
  custom:framework-win-MediaFoundation: 216162199b28c13a410421893ffa2e32 -> 
  custom:video-decoder-ogg-theora: a1e56fd34408186e4bbccfd4996cb3dc -> 
  custom:container-muxer-webm: aa71ff27fc2769a1b78a27578f13a17b -> 
  custom:container-demuxer-webm: 4f35f7cbe854078d1ac9338744f61a02 -> 
  custom:container-demuxer-ogg: 62fdf1f143b41e24485cea50d1cbac27 -> 
  custom:video-encoder-webm-vp8: eb34c28f22e8b96e1ab97ce403110664 -> 
  custom:video-decoder-webm-vp8: 9c59270c3fd7afecdb556c50c9e8de78 -> 
  custom:audio-decoder-ogg-vorbis: bf7c407c2cedff20999df2af8eb42d56 -> 
  custom:audio-encoder-webm-vorbis: bf7c407c2cedff20999df2af8eb42d56 -> 
========================================================================
Received Import Request.
  Time since last request: 763.916661 seconds.
  path: Assets/Scripts/Player/Player.cs
  artifactKey: Guid(54d64fa4e93feb74e8fab8e35c5d9655) Importer(815301076,1909f56bfc062723c751e8b465ee728b)
Start importing Assets/Scripts/Player/Player.cs using Guid(54d64fa4e93feb74e8fab8e35c5d9655) Importer(815301076,1909f56bfc062723c751e8b465ee728b)  -> (artifact id: '50d484a66363a7959bc21fea598c1c6d') in 0.014954 seconds 
  Import took 0.022123 seconds .

========================================================================
Received Import Request.
  Time since last request: 0.108839 seconds.
  path: Assets/Scripts/Player/Player.cs
  artifactKey: Guid(54d64fa4e93feb74e8fab8e35c5d9655) Importer(815301076,1909f56bfc062723c751e8b465ee728b)
Start importing Assets/Scripts/Player/Player.cs using Guid(54d64fa4e93feb74e8fab8e35c5d9655) Importer(815301076,1909f56bfc062723c751e8b465ee728b)  -> (artifact id: '50d484a66363a7959bc21fea598c1c6d') in 0.011094 seconds 
  Import took 0.019144 seconds .

========================================================================
Received Import Request.
  Time since last request: 46.364090 seconds.
  path: Assets/Scripts/Player/Player.cs
  artifactKey: Guid(54d64fa4e93feb74e8fab8e35c5d9655) Importer(815301076,1909f56bfc062723c751e8b465ee728b)
Start importing Assets/Scripts/Player/Player.cs using Guid(54d64fa4e93feb74e8fab8e35c5d9655) Importer(815301076,1909f56bfc062723c751e8b465ee728b)  -> (artifact id: '51faa1f205baf0930e4952e17e29ce60') in 0.010616 seconds 
  Import took 0.018226 seconds .

========================================================================
Received Import Request.
  Time since last request: 0.045083 seconds.
  path: Assets/Scripts/Player/Player.cs
  artifactKey: Guid(54d64fa4e93feb74e8fab8e35c5d9655) Importer(815301076,1909f56bfc062723c751e8b465ee728b)
Start importing Assets/Scripts/Player/Player.cs using Guid(54d64fa4e93feb74e8fab8e35c5d9655) Importer(815301076,1909f56bfc062723c751e8b465ee728b)  -> (artifact id: '51faa1f205baf0930e4952e17e29ce60') in 0.014337 seconds 
  Import took 0.025860 seconds .

========================================================================
Received Import Request.
  Time since last request: 43.553610 seconds.
  path: Assets/Scripts/Player/Player.cs
  artifactKey: Guid(54d64fa4e93feb74e8fab8e35c5d9655) Importer(815301076,1909f56bfc062723c751e8b465ee728b)
Start importing Assets/Scripts/Player/Player.cs using Guid(54d64fa4e93feb74e8fab8e35c5d9655) Importer(815301076,1909f56bfc062723c751e8b465ee728b)  -> (artifact id: 'dd3d0e9b09b46327c4f6e9ffe4554325') in 0.005369 seconds 
  Import took 0.011599 seconds .

========================================================================
Received Import Request.
  Time since last request: 76.114114 seconds.
  path: Assets/Scripts/Player/Player.cs
  artifactKey: Guid(54d64fa4e93feb74e8fab8e35c5d9655) Importer(815301076,1909f56bfc062723c751e8b465ee728b)
Start importing Assets/Scripts/Player/Player.cs using Guid(54d64fa4e93feb74e8fab8e35c5d9655) Importer(815301076,1909f56bfc062723c751e8b465ee728b)  -> (artifact id: 'aa1ed42c3cc830ae5438f0b24a019ad8') in 0.009754 seconds 
  Import took 0.015924 seconds .

========================================================================
Received Import Request.
  Time since last request: 0.038571 seconds.
  path: Assets/Scripts/Player/Player.cs
  artifactKey: Guid(54d64fa4e93feb74e8fab8e35c5d9655) Importer(815301076,1909f56bfc062723c751e8b465ee728b)
Start importing Assets/Scripts/Player/Player.cs using Guid(54d64fa4e93feb74e8fab8e35c5d9655) Importer(815301076,1909f56bfc062723c751e8b465ee728b)  -> (artifact id: 'aa1ed42c3cc830ae5438f0b24a019ad8') in 0.012906 seconds 
  Import took 0.029589 seconds .

========================================================================
Received Import Request.
  Time since last request: 51.968230 seconds.
  path: Assets/Scripts/Player/Player.cs
  artifactKey: Guid(54d64fa4e93feb74e8fab8e35c5d9655) Importer(815301076,1909f56bfc062723c751e8b465ee728b)
Start importing Assets/Scripts/Player/Player.cs using Guid(54d64fa4e93feb74e8fab8e35c5d9655) Importer(815301076,1909f56bfc062723c751e8b465ee728b)  -> (artifact id: '2b3db8d821ee5cd20c10a07cb4627240') in 0.013207 seconds 
  Import took 0.022775 seconds .

========================================================================
Received Import Request.
  Time since last request: 0.017445 seconds.
  path: Assets/Scripts/Player/Player.cs
  artifactKey: Guid(54d64fa4e93feb74e8fab8e35c5d9655) Importer(815301076,1909f56bfc062723c751e8b465ee728b)
Start importing Assets/Scripts/Player/Player.cs using Guid(54d64fa4e93feb74e8fab8e35c5d9655) Importer(815301076,1909f56bfc062723c751e8b465ee728b)  -> (artifact id: '2b3db8d821ee5cd20c10a07cb4627240') in 0.020827 seconds 
  Import took 0.029466 seconds .

========================================================================
Received Import Request.
  Time since last request: 336.056028 seconds.
  path: Assets/Scripts/Player/Player.cs
  artifactKey: Guid(54d64fa4e93feb74e8fab8e35c5d9655) Importer(815301076,1909f56bfc062723c751e8b465ee728b)
Start importing Assets/Scripts/Player/Player.cs using Guid(54d64fa4e93feb74e8fab8e35c5d9655) Importer(815301076,1909f56bfc062723c751e8b465ee728b)  -> (artifact id: '972cd5bf45ba81f3e4cd5c63c3e3e6fe') in 0.009174 seconds 
  Import took 0.016099 seconds .

========================================================================
Received Import Request.
  Time since last request: 0.001187 seconds.
  path: Assets/Scripts/Player/Player.cs
  artifactKey: Guid(54d64fa4e93feb74e8fab8e35c5d9655) Importer(815301076,1909f56bfc062723c751e8b465ee728b)
Start importing Assets/Scripts/Player/Player.cs using Guid(54d64fa4e93feb74e8fab8e35c5d9655) Importer(815301076,1909f56bfc062723c751e8b465ee728b)  -> (artifact id: '972cd5bf45ba81f3e4cd5c63c3e3e6fe') in 0.013053 seconds 
  Import took 0.018228 seconds .

========================================================================
Received Import Request.
  Time since last request: 1.036618 seconds.
  path: Assets/Scripts/Player/Player.cs
  artifactKey: Guid(54d64fa4e93feb74e8fab8e35c5d9655) Importer(815301076,1909f56bfc062723c751e8b465ee728b)
Start importing Assets/Scripts/Player/Player.cs using Guid(54d64fa4e93feb74e8fab8e35c5d9655) Importer(815301076,1909f56bfc062723c751e8b465ee728b)  -> (artifact id: 'fc31b8c9b698895a2b068631596e6057') in 0.009344 seconds 
  Import took 0.017579 seconds .

========================================================================
Received Import Request.
  Time since last request: 36.392921 seconds.
  path: Assets/Scripts/Player/Player.cs
  artifactKey: Guid(54d64fa4e93feb74e8fab8e35c5d9655) Importer(815301076,1909f56bfc062723c751e8b465ee728b)
Start importing Assets/Scripts/Player/Player.cs using Guid(54d64fa4e93feb74e8fab8e35c5d9655) Importer(815301076,1909f56bfc062723c751e8b465ee728b)  -> (artifact id: '2845b33ab1b100c89d9a033525dd1740') in 0.005798 seconds 
  Import took 0.012780 seconds .

========================================================================
Received Import Request.
  Time since last request: 123.990564 seconds.
  path: Assets/Scripts/Player/Player.cs
  artifactKey: Guid(54d64fa4e93feb74e8fab8e35c5d9655) Importer(815301076,1909f56bfc062723c751e8b465ee728b)
Start importing Assets/Scripts/Player/Player.cs using Guid(54d64fa4e93feb74e8fab8e35c5d9655) Importer(815301076,1909f56bfc062723c751e8b465ee728b)  -> (artifact id: '1bd9d4f7d1b138087eaa9712cbfdebcb') in 0.005352 seconds 
  Import took 0.011526 seconds .

========================================================================
Received Import Request.
  Time since last request: 0.036477 seconds.
  path: Assets/Scripts/Player/Player.cs
  artifactKey: Guid(54d64fa4e93feb74e8fab8e35c5d9655) Importer(815301076,1909f56bfc062723c751e8b465ee728b)
Start importing Assets/Scripts/Player/Player.cs using Guid(54d64fa4e93feb74e8fab8e35c5d9655) Importer(815301076,1909f56bfc062723c751e8b465ee728b)  -> (artifact id: '1bd9d4f7d1b138087eaa9712cbfdebcb') in 0.023959 seconds 
  Import took 0.029926 seconds .

========================================================================
Received Import Request.
  Time since last request: 157.482777 seconds.
  path: Assets/Scripts/Player/Player.cs
  artifactKey: Guid(54d64fa4e93feb74e8fab8e35c5d9655) Importer(815301076,1909f56bfc062723c751e8b465ee728b)
Start importing Assets/Scripts/Player/Player.cs using Guid(54d64fa4e93feb74e8fab8e35c5d9655) Importer(815301076,1909f56bfc062723c751e8b465ee728b)  -> (artifact id: 'd4353dab91a5c346d02f9e75efba1b87') in 0.006281 seconds 
  Import took 0.012090 seconds .

========================================================================
Received Import Request.
  Time since last request: 0.028873 seconds.
  path: Assets/Scripts/Player/Player.cs
  artifactKey: Guid(54d64fa4e93feb74e8fab8e35c5d9655) Importer(815301076,1909f56bfc062723c751e8b465ee728b)
Start importing Assets/Scripts/Player/Player.cs using Guid(54d64fa4e93feb74e8fab8e35c5d9655) Importer(815301076,1909f56bfc062723c751e8b465ee728b)  -> (artifact id: 'd4353dab91a5c346d02f9e75efba1b87') in 0.018526 seconds 
  Import took 0.027891 seconds .

========================================================================
Received Import Request.
  Time since last request: 236.401634 seconds.
  path: Assets/Scripts/Player/Player.cs
  artifactKey: Guid(54d64fa4e93feb74e8fab8e35c5d9655) Importer(815301076,1909f56bfc062723c751e8b465ee728b)
Start importing Assets/Scripts/Player/Player.cs using Guid(54d64fa4e93feb74e8fab8e35c5d9655) Importer(815301076,1909f56bfc062723c751e8b465ee728b)  -> (artifact id: '896458d5eeea58edb79f99a2273b3be7') in 0.008465 seconds 
  Import took 0.014526 seconds .

========================================================================
Received Import Request.
  Time since last request: 0.028701 seconds.
  path: Assets/Scripts/Player/Player.cs
  artifactKey: Guid(54d64fa4e93feb74e8fab8e35c5d9655) Importer(815301076,1909f56bfc062723c751e8b465ee728b)
Start importing Assets/Scripts/Player/Player.cs using Guid(54d64fa4e93feb74e8fab8e35c5d9655) Importer(815301076,1909f56bfc062723c751e8b465ee728b)  -> (artifact id: '896458d5eeea58edb79f99a2273b3be7') in 0.019505 seconds 
  Import took 0.027666 seconds .

========================================================================
Received Import Request.
  Time since last request: 813.779101 seconds.
  path: Assets/Scripts/Player/Player.cs
  artifactKey: Guid(54d64fa4e93feb74e8fab8e35c5d9655) Importer(815301076,1909f56bfc062723c751e8b465ee728b)
Start importing Assets/Scripts/Player/Player.cs using Guid(54d64fa4e93feb74e8fab8e35c5d9655) Importer(815301076,1909f56bfc062723c751e8b465ee728b)  -> (artifact id: 'd7bc9ff888e9be8b182e8eecdd7354a8') in 0.009233 seconds 
  Import took 0.021726 seconds .

========================================================================
Received Prepare
Registering precompiled user dll's ...
Registered in 0.008509 seconds.
Begin MonoManager ReloadAssembly
Native extension for WindowsStandalone target not found
Native extension for OSXStandalone target not found
Refreshing native plugins compatible for Editor in 0.70 ms, found 2 plugins.
Preloading 0 native plugins for Editor in 0.00 ms.
Mono: successfully reloaded assembly
- Completed reload, in  1.801 seconds
Domain Reload Profiling:
	ReloadAssembly (1802ms)
		BeginReloadAssembly (177ms)
			ExecutionOrderSort (0ms)
			DisableScriptedObjects (8ms)
			BackupInstance (0ms)
			ReleaseScriptingObjects (0ms)
			CreateAndSetChildDomain (47ms)
		EndReloadAssembly (1524ms)
			LoadAssemblies (175ms)
			RebuildTransferFunctionScriptingTraits (0ms)
			SetupTypeCache (472ms)
			ReleaseScriptCaches (1ms)
			RebuildScriptCaches (62ms)
			SetupLoadedEditorAssemblies (637ms)
				LogAssemblyErrors (0ms)
				InitializePlatformSupportModulesInManaged (8ms)
				SetLoadedEditorAssemblies (1ms)
				RefreshPlugins (1ms)
				BeforeProcessingInitializeOnLoad (129ms)
				ProcessInitializeOnLoadAttributes (471ms)
				ProcessInitializeOnLoadMethodAttributes (17ms)
				AfterProcessingInitializeOnLoad (9ms)
				EditorAssembliesLoaded (0ms)
			ExecutionOrderSort2 (0ms)
			AwakeInstancesAfterBackupRestoration (10ms)
Platform modules already initialized, skipping
Refreshing native plugins compatible for Editor in 0.56 ms, found 2 plugins.
Preloading 0 native plugins for Editor in 0.00 ms.
Unloading 1947 Unused Serialized files (Serialized files now loaded: 0)
System memory in use before: 85.7 MB.
System memory in use after: 85.2 MB.

Unloading 31 unused Assets to reduce memory usage. Loaded Objects now: 2374.
Total: 4.607300 ms (FindLiveObjects: 0.199800 ms CreateObjectMapping: 0.076100 ms MarkObjects: 3.919200 ms  DeleteObjects: 0.410900 ms)

AssetImportParameters requested are different than current active one (requested -> active):
  custom:framework-win-MediaFoundation: 216162199b28c13a410421893ffa2e32 -> 
  custom:video-decoder-ogg-theora: a1e56fd34408186e4bbccfd4996cb3dc -> 
  custom:container-muxer-webm: aa71ff27fc2769a1b78a27578f13a17b -> 
  custom:container-demuxer-webm: 4f35f7cbe854078d1ac9338744f61a02 -> 
  custom:container-demuxer-ogg: 62fdf1f143b41e24485cea50d1cbac27 -> 
  custom:video-encoder-webm-vp8: eb34c28f22e8b96e1ab97ce403110664 -> 
  custom:video-decoder-webm-vp8: 9c59270c3fd7afecdb556c50c9e8de78 -> 
  custom:audio-decoder-ogg-vorbis: bf7c407c2cedff20999df2af8eb42d56 -> 
  custom:audio-encoder-webm-vorbis: bf7c407c2cedff20999df2af8eb42d56 -> 
========================================================================
Received Import Request.
  Time since last request: 290.087399 seconds.
  path: Assets/Prefab/Player.prefab
  artifactKey: Guid(650b395393c7da24ea3c0e9f0ee87179) Importer(815301076,1909f56bfc062723c751e8b465ee728b)
Start importing Assets/Prefab/Player.prefab using Guid(650b395393c7da24ea3c0e9f0ee87179) Importer(815301076,1909f56bfc062723c751e8b465ee728b)  -> (artifact id: '33d8ab60dad3205a2aff6d6fc8024da4') in 0.185866 seconds 
  Import took 0.192683 seconds .

========================================================================
Received Prepare
Refreshing native plugins compatible for Editor in 69.25 ms, found 2 plugins.
Preloading 0 native plugins for Editor in 0.00 ms.
Unloading 29 Unused Serialized files (Serialized files now loaded: 0)
System memory in use before: 50.8 MB.
System memory in use after: 50.3 MB.

Unloading 30 unused Assets to reduce memory usage. Loaded Objects now: 2382.
Total: 7.779800 ms (FindLiveObjects: 0.198200 ms CreateObjectMapping: 0.077000 ms MarkObjects: 7.037700 ms  DeleteObjects: 0.464100 ms)

AssetImportParameters requested are different than current active one (requested -> active):
  custom:framework-win-MediaFoundation: 216162199b28c13a410421893ffa2e32 -> 
  custom:video-decoder-ogg-theora: a1e56fd34408186e4bbccfd4996cb3dc -> 
  custom:container-muxer-webm: aa71ff27fc2769a1b78a27578f13a17b -> 
  custom:container-demuxer-webm: 4f35f7cbe854078d1ac9338744f61a02 -> 
  custom:container-demuxer-ogg: 62fdf1f143b41e24485cea50d1cbac27 -> 
  custom:video-encoder-webm-vp8: eb34c28f22e8b96e1ab97ce403110664 -> 
  custom:video-decoder-webm-vp8: 9c59270c3fd7afecdb556c50c9e8de78 -> 
  custom:audio-decoder-ogg-vorbis: bf7c407c2cedff20999df2af8eb42d56 -> 
  custom:audio-encoder-webm-vorbis: bf7c407c2cedff20999df2af8eb42d56 -> 
========================================================================
Received Import Request.
  Time since last request: 267.922415 seconds.
  path: Assets/Prefab/Player.prefab
  artifactKey: Guid(650b395393c7da24ea3c0e9f0ee87179) Importer(815301076,1909f56bfc062723c751e8b465ee728b)
Start importing Assets/Prefab/Player.prefab using Guid(650b395393c7da24ea3c0e9f0ee87179) Importer(815301076,1909f56bfc062723c751e8b465ee728b)  -> (artifact id: '6e8b2f1fa2e6121f7542bffb08767ff1') in 0.160460 seconds 
  Import took 0.175629 seconds .

========================================================================
Received Prepare
Refreshing native plugins compatible for Editor in 6.13 ms, found 2 plugins.
Preloading 0 native plugins for Editor in 0.00 ms.
Unloading 29 Unused Serialized files (Serialized files now loaded: 0)
System memory in use before: 51.7 MB.
System memory in use after: 51.2 MB.

Unloading 30 unused Assets to reduce memory usage. Loaded Objects now: 2382.
Total: 5.323800 ms (FindLiveObjects: 0.225400 ms CreateObjectMapping: 0.092700 ms MarkObjects: 4.576400 ms  DeleteObjects: 0.427600 ms)

AssetImportParameters requested are different than current active one (requested -> active):
  custom:framework-win-MediaFoundation: 216162199b28c13a410421893ffa2e32 -> 
  custom:video-decoder-ogg-theora: a1e56fd34408186e4bbccfd4996cb3dc -> 
  custom:container-muxer-webm: aa71ff27fc2769a1b78a27578f13a17b -> 
  custom:container-demuxer-webm: 4f35f7cbe854078d1ac9338744f61a02 -> 
  custom:container-demuxer-ogg: 62fdf1f143b41e24485cea50d1cbac27 -> 
  custom:video-encoder-webm-vp8: eb34c28f22e8b96e1ab97ce403110664 -> 
  custom:video-decoder-webm-vp8: 9c59270c3fd7afecdb556c50c9e8de78 -> 
  custom:audio-decoder-ogg-vorbis: bf7c407c2cedff20999df2af8eb42d56 -> 
  custom:audio-encoder-webm-vorbis: bf7c407c2cedff20999df2af8eb42d56 -> 
========================================================================
Received Prepare
Registering precompiled user dll's ...
Registered in 0.010415 seconds.
Begin MonoManager ReloadAssembly
Native extension for WindowsStandalone target not found
Native extension for OSXStandalone target not found
Refreshing native plugins compatible for Editor in 0.67 ms, found 2 plugins.
Preloading 0 native plugins for Editor in 0.00 ms.
Mono: successfully reloaded assembly
- Completed reload, in  3.265 seconds
Domain Reload Profiling:
	ReloadAssembly (3266ms)
		BeginReloadAssembly (560ms)
			ExecutionOrderSort (0ms)
			DisableScriptedObjects (16ms)
			BackupInstance (0ms)
			ReleaseScriptingObjects (0ms)
			CreateAndSetChildDomain (95ms)
		EndReloadAssembly (2575ms)
			LoadAssemblies (501ms)
			RebuildTransferFunctionScriptingTraits (0ms)
			SetupTypeCache (729ms)
			ReleaseScriptCaches (3ms)
			RebuildScriptCaches (102ms)
			SetupLoadedEditorAssemblies (1193ms)
				LogAssemblyErrors (0ms)
				InitializePlatformSupportModulesInManaged (10ms)
				SetLoadedEditorAssemblies (1ms)
				RefreshPlugins (1ms)
				BeforeProcessingInitializeOnLoad (159ms)
				ProcessInitializeOnLoadAttributes (981ms)
				ProcessInitializeOnLoadMethodAttributes (26ms)
				AfterProcessingInitializeOnLoad (15ms)
				EditorAssembliesLoaded (0ms)
			ExecutionOrderSort2 (0ms)
			AwakeInstancesAfterBackupRestoration (16ms)
Platform modules already initialized, skipping
Refreshing native plugins compatible for Editor in 1.28 ms, found 2 plugins.
Preloading 0 native plugins for Editor in 0.00 ms.
Unloading 1947 Unused Serialized files (Serialized files now loaded: 0)
System memory in use before: 89.0 MB.
System memory in use after: 88.4 MB.

Unloading 31 unused Assets to reduce memory usage. Loaded Objects now: 2384.
Total: 41.751400 ms (FindLiveObjects: 0.476900 ms CreateObjectMapping: 0.285300 ms MarkObjects: 38.035600 ms  DeleteObjects: 2.951900 ms)

AssetImportParameters requested are different than current active one (requested -> active):
  custom:framework-win-MediaFoundation: 216162199b28c13a410421893ffa2e32 -> 
  custom:video-decoder-ogg-theora: a1e56fd34408186e4bbccfd4996cb3dc -> 
  custom:container-muxer-webm: aa71ff27fc2769a1b78a27578f13a17b -> 
  custom:container-demuxer-webm: 4f35f7cbe854078d1ac9338744f61a02 -> 
  custom:container-demuxer-ogg: 62fdf1f143b41e24485cea50d1cbac27 -> 
  custom:video-encoder-webm-vp8: eb34c28f22e8b96e1ab97ce403110664 -> 
  custom:video-decoder-webm-vp8: 9c59270c3fd7afecdb556c50c9e8de78 -> 
  custom:audio-decoder-ogg-vorbis: bf7c407c2cedff20999df2af8eb42d56 -> 
  custom:audio-encoder-webm-vorbis: bf7c407c2cedff20999df2af8eb42d56 -> 
========================================================================
Received Import Request.
  Time since last request: 122.674085 seconds.
  path: Assets/Prefab/Player.prefab
  artifactKey: Guid(650b395393c7da24ea3c0e9f0ee87179) Importer(815301076,1909f56bfc062723c751e8b465ee728b)
Start importing Assets/Prefab/Player.prefab using Guid(650b395393c7da24ea3c0e9f0ee87179) Importer(815301076,1909f56bfc062723c751e8b465ee728b)  -> (artifact id: 'e24642d2229adc8ac4157dd333742d67') in 0.187321 seconds 
  Import took 0.192450 seconds .

========================================================================
Received Prepare
Registering precompiled user dll's ...
Registered in 0.009928 seconds.
Begin MonoManager ReloadAssembly
Native extension for WindowsStandalone target not found
Native extension for OSXStandalone target not found
Refreshing native plugins compatible for Editor in 0.59 ms, found 2 plugins.
Preloading 0 native plugins for Editor in 0.00 ms.
Mono: successfully reloaded assembly
- Completed reload, in  4.978 seconds
Domain Reload Profiling:
	ReloadAssembly (4978ms)
		BeginReloadAssembly (151ms)
			ExecutionOrderSort (0ms)
			DisableScriptedObjects (6ms)
			BackupInstance (0ms)
			ReleaseScriptingObjects (0ms)
			CreateAndSetChildDomain (44ms)
		EndReloadAssembly (4738ms)
			LoadAssemblies (128ms)
			RebuildTransferFunctionScriptingTraits (0ms)
			SetupTypeCache (2257ms)
			ReleaseScriptCaches (1ms)
			RebuildScriptCaches (148ms)
			SetupLoadedEditorAssemblies (1277ms)
				LogAssemblyErrors (0ms)
				InitializePlatformSupportModulesInManaged (7ms)
				SetLoadedEditorAssemblies (1ms)
				RefreshPlugins (1ms)
				BeforeProcessingInitializeOnLoad (98ms)
				ProcessInitializeOnLoadAttributes (1142ms)
				ProcessInitializeOnLoadMethodAttributes (19ms)
				AfterProcessingInitializeOnLoad (10ms)
				EditorAssembliesLoaded (0ms)
			ExecutionOrderSort2 (0ms)
			AwakeInstancesAfterBackupRestoration (11ms)
Platform modules already initialized, skipping
Refreshing native plugins compatible for Editor in 0.51 ms, found 2 plugins.
Preloading 0 native plugins for Editor in 0.00 ms.
Unloading 1947 Unused Serialized files (Serialized files now loaded: 0)
System memory in use before: 89.0 MB.
System memory in use after: 88.5 MB.

Unloading 32 unused Assets to reduce memory usage. Loaded Objects now: 2387.
Total: 4.704300 ms (FindLiveObjects: 0.228900 ms CreateObjectMapping: 0.086700 ms MarkObjects: 3.940600 ms  DeleteObjects: 0.446300 ms)

AssetImportParameters requested are different than current active one (requested -> active):
  custom:framework-win-MediaFoundation: 216162199b28c13a410421893ffa2e32 -> 
  custom:video-decoder-ogg-theora: a1e56fd34408186e4bbccfd4996cb3dc -> 
  custom:container-muxer-webm: aa71ff27fc2769a1b78a27578f13a17b -> 
  custom:container-demuxer-webm: 4f35f7cbe854078d1ac9338744f61a02 -> 
  custom:container-demuxer-ogg: 62fdf1f143b41e24485cea50d1cbac27 -> 
  custom:video-encoder-webm-vp8: eb34c28f22e8b96e1ab97ce403110664 -> 
  custom:video-decoder-webm-vp8: 9c59270c3fd7afecdb556c50c9e8de78 -> 
  custom:audio-decoder-ogg-vorbis: bf7c407c2cedff20999df2af8eb42d56 -> 
  custom:audio-encoder-webm-vorbis: bf7c407c2cedff20999df2af8eb42d56 -> 
========================================================================
Received Prepare
Refreshing native plugins compatible for Editor in 5.59 ms, found 2 plugins.
Preloading 0 native plugins for Editor in 0.00 ms.
Unloading 29 Unused Serialized files (Serialized files now loaded: 0)
System memory in use before: 50.7 MB.
System memory in use after: 50.2 MB.

Unloading 29 unused Assets to reduce memory usage. Loaded Objects now: 2387.
Total: 4.509300 ms (FindLiveObjects: 0.262100 ms CreateObjectMapping: 0.082600 ms MarkObjects: 3.665800 ms  DeleteObjects: 0.496800 ms)

AssetImportParameters requested are different than current active one (requested -> active):
  custom:framework-win-MediaFoundation: 216162199b28c13a410421893ffa2e32 -> 
  custom:video-decoder-ogg-theora: a1e56fd34408186e4bbccfd4996cb3dc -> 
  custom:container-muxer-webm: aa71ff27fc2769a1b78a27578f13a17b -> 
  custom:container-demuxer-webm: 4f35f7cbe854078d1ac9338744f61a02 -> 
  custom:container-demuxer-ogg: 62fdf1f143b41e24485cea50d1cbac27 -> 
  custom:video-encoder-webm-vp8: eb34c28f22e8b96e1ab97ce403110664 -> 
  custom:video-decoder-webm-vp8: 9c59270c3fd7afecdb556c50c9e8de78 -> 
  custom:audio-decoder-ogg-vorbis: bf7c407c2cedff20999df2af8eb42d56 -> 
  custom:audio-encoder-webm-vorbis: bf7c407c2cedff20999df2af8eb42d56 -> 
========================================================================
Received Prepare
Refreshing native plugins compatible for Editor in 5.62 ms, found 2 plugins.
Preloading 0 native plugins for Editor in 0.00 ms.
Unloading 29 Unused Serialized files (Serialized files now loaded: 0)
System memory in use before: 50.7 MB.
System memory in use after: 50.2 MB.

Unloading 29 unused Assets to reduce memory usage. Loaded Objects now: 2387.
Total: 5.274100 ms (FindLiveObjects: 0.226700 ms CreateObjectMapping: 0.092900 ms MarkObjects: 4.483600 ms  DeleteObjects: 0.469100 ms)

AssetImportParameters requested are different than current active one (requested -> active):
  custom:framework-win-MediaFoundation: 216162199b28c13a410421893ffa2e32 -> 
  custom:video-decoder-ogg-theora: a1e56fd34408186e4bbccfd4996cb3dc -> 
  custom:container-muxer-webm: aa71ff27fc2769a1b78a27578f13a17b -> 
  custom:container-demuxer-webm: 4f35f7cbe854078d1ac9338744f61a02 -> 
  custom:container-demuxer-ogg: 62fdf1f143b41e24485cea50d1cbac27 -> 
  custom:video-encoder-webm-vp8: eb34c28f22e8b96e1ab97ce403110664 -> 
  custom:video-decoder-webm-vp8: 9c59270c3fd7afecdb556c50c9e8de78 -> 
  custom:audio-decoder-ogg-vorbis: bf7c407c2cedff20999df2af8eb42d56 -> 
  custom:audio-encoder-webm-vorbis: bf7c407c2cedff20999df2af8eb42d56 -> 
========================================================================
Received Prepare
Registering precompiled user dll's ...
Registered in 0.009654 seconds.
Begin MonoManager ReloadAssembly
Native extension for WindowsStandalone target not found
Native extension for OSXStandalone target not found
Refreshing native plugins compatible for Editor in 0.60 ms, found 2 plugins.
Preloading 0 native plugins for Editor in 0.00 ms.
Mono: successfully reloaded assembly
- Completed reload, in  3.609 seconds
Domain Reload Profiling:
	ReloadAssembly (3610ms)
		BeginReloadAssembly (701ms)
			ExecutionOrderSort (0ms)
			DisableScriptedObjects (11ms)
			BackupInstance (0ms)
			ReleaseScriptingObjects (0ms)
			CreateAndSetChildDomain (93ms)
		EndReloadAssembly (2724ms)
			LoadAssemblies (643ms)
			RebuildTransferFunctionScriptingTraits (0ms)
			SetupTypeCache (947ms)
			ReleaseScriptCaches (1ms)
			RebuildScriptCaches (151ms)
			SetupLoadedEditorAssemblies (1172ms)
				LogAssemblyErrors (0ms)
				InitializePlatformSupportModulesInManaged (11ms)
				SetLoadedEditorAssemblies (1ms)
				RefreshPlugins (1ms)
				BeforeProcessingInitializeOnLoad (155ms)
				ProcessInitializeOnLoadAttributes (879ms)
				ProcessInitializeOnLoadMethodAttributes (96ms)
				AfterProcessingInitializeOnLoad (28ms)
				EditorAssembliesLoaded (1ms)
			ExecutionOrderSort2 (0ms)
			AwakeInstancesAfterBackupRestoration (18ms)
Platform modules already initialized, skipping
Refreshing native plugins compatible for Editor in 0.54 ms, found 2 plugins.
Preloading 0 native plugins for Editor in 0.00 ms.
Unloading 1947 Unused Serialized files (Serialized files now loaded: 0)
System memory in use before: 89.0 MB.
System memory in use after: 88.5 MB.

Unloading 31 unused Assets to reduce memory usage. Loaded Objects now: 2389.
Total: 21.627500 ms (FindLiveObjects: 9.930600 ms CreateObjectMapping: 1.484500 ms MarkObjects: 9.704000 ms  DeleteObjects: 0.505300 ms)

AssetImportParameters requested are different than current active one (requested -> active):
  custom:framework-win-MediaFoundation: 216162199b28c13a410421893ffa2e32 -> 
  custom:video-decoder-ogg-theora: a1e56fd34408186e4bbccfd4996cb3dc -> 
  custom:container-muxer-webm: aa71ff27fc2769a1b78a27578f13a17b -> 
  custom:container-demuxer-webm: 4f35f7cbe854078d1ac9338744f61a02 -> 
  custom:container-demuxer-ogg: 62fdf1f143b41e24485cea50d1cbac27 -> 
  custom:video-encoder-webm-vp8: eb34c28f22e8b96e1ab97ce403110664 -> 
  custom:video-decoder-webm-vp8: 9c59270c3fd7afecdb556c50c9e8de78 -> 
  custom:audio-decoder-ogg-vorbis: bf7c407c2cedff20999df2af8eb42d56 -> 
  custom:audio-encoder-webm-vorbis: bf7c407c2cedff20999df2af8eb42d56 -> 
AssetImportWorkerClient::OnTransportError - code=2 error=End of file
